{"/home/apelizza/Documentos/robots-v1/src/main/generateMars.js": {"path":"/home/apelizza/Documentos/robots-v1/src/main/generateMars.js","statementMap":{"0":{"start":{"line":1,"column":21},"end":{"line":15,"column":1}},"1":{"start":{"line":3,"column":4},"end":{"line":3,"column":101}},"2":{"start":{"line":3,"column":44},"end":{"line":3,"column":101}},"3":{"start":{"line":5,"column":16},"end":{"line":5,"column":18}},"4":{"start":{"line":6,"column":4},"end":{"line":11,"column":5}},"5":{"start":{"line":6,"column":17},"end":{"line":6,"column":18}},"6":{"start":{"line":7,"column":8},"end":{"line":7,"column":19}},"7":{"start":{"line":8,"column":8},"end":{"line":10,"column":9}},"8":{"start":{"line":8,"column":21},"end":{"line":8,"column":22}},"9":{"start":{"line":9,"column":12},"end":{"line":9,"column":26}},"10":{"start":{"line":12,"column":4},"end":{"line":12,"column":43}},"11":{"start":{"line":13,"column":4},"end":{"line":13,"column":20}},"12":{"start":{"line":14,"column":4},"end":{"line":14,"column":14}}},"fnMap":{"0":{"name":"(anonymous_0)","decl":{"start":{"line":1,"column":21},"end":{"line":1,"column":22}},"loc":{"start":{"line":1,"column":49},"end":{"line":15,"column":1}},"line":1}},"branchMap":{"0":{"loc":{"start":{"line":3,"column":4},"end":{"line":3,"column":101}},"type":"if","locations":[{"start":{"line":3,"column":4},"end":{"line":3,"column":101}},{"start":{},"end":{}}],"line":3},"1":{"loc":{"start":{"line":3,"column":8},"end":{"line":3,"column":42}},"type":"binary-expr","locations":[{"start":{"line":3,"column":8},"end":{"line":3,"column":23}},{"start":{"line":3,"column":27},"end":{"line":3,"column":42}}],"line":3}},"s":{"0":1,"1":2,"2":1,"3":1,"4":1,"5":1,"6":1,"7":1,"8":1,"9":1,"10":1,"11":1,"12":1},"f":{"0":2},"b":{"0":[1,1],"1":[2,1]},"_coverageSchema":"1a1c01bbd47fc00a2c39e90264f33305004495a9","hash":"1dba1cac3d536f0f8fc368a092b5e3c9ab0f50b4"}
,"/home/apelizza/Documentos/robots-v1/src/main/generatePositionRobots.js": {"path":"/home/apelizza/Documentos/robots-v1/src/main/generatePositionRobots.js","statementMap":{"0":{"start":{"line":1,"column":31},"end":{"line":3,"column":2}},"1":{"start":{"line":1,"column":53},"end":{"line":3,"column":1}}},"fnMap":{"0":{"name":"(anonymous_0)","decl":{"start":{"line":1,"column":31},"end":{"line":1,"column":32}},"loc":{"start":{"line":1,"column":53},"end":{"line":3,"column":1}},"line":1}},"branchMap":{},"s":{"0":2,"1":6},"f":{"0":6},"b":{},"_coverageSchema":"1a1c01bbd47fc00a2c39e90264f33305004495a9","hash":"1e46d1a0ee719d8ec68736650a7c641779a1def2"}
,"/home/apelizza/Documentos/robots-v1/src/main/robotExplorer.js": {"path":"/home/apelizza/Documentos/robots-v1/src/main/robotExplorer.js","statementMap":{"0":{"start":{"line":3,"column":22},"end":{"line":18,"column":1}},"1":{"start":{"line":4,"column":61},"end":{"line":4,"column":76}},"2":{"start":{"line":5,"column":19},"end":{"line":5,"column":43}},"3":{"start":{"line":6,"column":19},"end":{"line":6,"column":43}},"4":{"start":{"line":7,"column":4},"end":{"line":17,"column":5}},"5":{"start":{"line":8,"column":8},"end":{"line":13,"column":10}},"6":{"start":{"line":9,"column":38},"end":{"line":9,"column":97}},"7":{"start":{"line":10,"column":12},"end":{"line":10,"column":24}},"8":{"start":{"line":11,"column":12},"end":{"line":11,"column":24}},"9":{"start":{"line":12,"column":12},"end":{"line":12,"column":40}},"10":{"start":{"line":14,"column":8},"end":{"line":14,"column":66}},"11":{"start":{"line":16,"column":8},"end":{"line":16,"column":71}}},"fnMap":{"0":{"name":"(anonymous_0)","decl":{"start":{"line":3,"column":22},"end":{"line":3,"column":23}},"loc":{"start":{"line":3,"column":61},"end":{"line":18,"column":1}},"line":3},"1":{"name":"(anonymous_1)","decl":{"start":{"line":8,"column":28},"end":{"line":8,"column":29}},"loc":{"start":{"line":8,"column":42},"end":{"line":13,"column":9}},"line":8}},"branchMap":{},"s":{"0":0,"1":0,"2":0,"3":0,"4":0,"5":0,"6":0,"7":0,"8":0,"9":0,"10":0,"11":0},"f":{"0":0,"1":0},"b":{}}
,"/home/apelizza/Documentos/robots-v1/src/main/move/direction.js": {"path":"/home/apelizza/Documentos/robots-v1/src/main/move/direction.js","statementMap":{"0":{"start":{"line":6,"column":19},"end":{"line":8,"column":1}},"1":{"start":{"line":7,"column":4},"end":{"line":7,"column":25}},"2":{"start":{"line":10,"column":17},"end":{"line":12,"column":1}},"3":{"start":{"line":11,"column":4},"end":{"line":11,"column":38}},"4":{"start":{"line":13,"column":15},"end":{"line":15,"column":1}},"5":{"start":{"line":14,"column":4},"end":{"line":14,"column":38}},"6":{"start":{"line":17,"column":13},"end":{"line":34,"column":1}},"7":{"start":{"line":18,"column":4},"end":{"line":18,"column":132}},"8":{"start":{"line":18,"column":45},"end":{"line":18,"column":132}},"9":{"start":{"line":20,"column":19},"end":{"line":20,"column":69}},"10":{"start":{"line":22,"column":4},"end":{"line":33,"column":5}},"11":{"start":{"line":23,"column":8},"end":{"line":28,"column":9}},"12":{"start":{"line":24,"column":12},"end":{"line":24,"column":79}},"13":{"start":{"line":26,"column":12},"end":{"line":26,"column":65}},"14":{"start":{"line":27,"column":12},"end":{"line":27,"column":42}},"15":{"start":{"line":31,"column":8},"end":{"line":31,"column":118}},"16":{"start":{"line":31,"column":51},"end":{"line":31,"column":118}},"17":{"start":{"line":32,"column":8},"end":{"line":32,"column":61}}},"fnMap":{"0":{"name":"(anonymous_0)","decl":{"start":{"line":6,"column":19},"end":{"line":6,"column":20}},"loc":{"start":{"line":6,"column":45},"end":{"line":8,"column":1}},"line":6},"1":{"name":"(anonymous_1)","decl":{"start":{"line":10,"column":17},"end":{"line":10,"column":18}},"loc":{"start":{"line":10,"column":43},"end":{"line":12,"column":1}},"line":10},"2":{"name":"(anonymous_2)","decl":{"start":{"line":13,"column":15},"end":{"line":13,"column":16}},"loc":{"start":{"line":13,"column":30},"end":{"line":15,"column":1}},"line":13},"3":{"name":"(anonymous_3)","decl":{"start":{"line":17,"column":13},"end":{"line":17,"column":14}},"loc":{"start":{"line":17,"column":72},"end":{"line":34,"column":1}},"line":17}},"branchMap":{"0":{"loc":{"start":{"line":18,"column":4},"end":{"line":18,"column":132}},"type":"if","locations":[{"start":{"line":18,"column":4},"end":{"line":18,"column":132}},{"start":{},"end":{}}],"line":18},"1":{"loc":{"start":{"line":22,"column":4},"end":{"line":33,"column":5}},"type":"if","locations":[{"start":{"line":22,"column":4},"end":{"line":33,"column":5}},{"start":{"line":30,"column":11},"end":{"line":33,"column":5}}],"line":22},"2":{"loc":{"start":{"line":23,"column":8},"end":{"line":28,"column":9}},"type":"if","locations":[{"start":{"line":23,"column":8},"end":{"line":28,"column":9}},{"start":{"line":25,"column":15},"end":{"line":28,"column":9}}],"line":23},"3":{"loc":{"start":{"line":31,"column":8},"end":{"line":31,"column":118}},"type":"if","locations":[{"start":{"line":31,"column":8},"end":{"line":31,"column":118}},{"start":{},"end":{}}],"line":31}},"s":{"0":1,"1":0,"2":1,"3":0,"4":1,"5":0,"6":1,"7":1,"8":1,"9":0,"10":0,"11":0,"12":0,"13":0,"14":0,"15":0,"16":0,"17":0},"f":{"0":0,"1":0,"2":0,"3":1},"b":{"0":[1,0],"1":[0,0],"2":[0,0],"3":[0,0]},"_coverageSchema":"1a1c01bbd47fc00a2c39e90264f33305004495a9","hash":"102f1624d354146ea9930b5f02dc077a3ecf26fa"}
,"/home/apelizza/Documentos/robots-v1/src/main/move/getDirection.js": {"path":"/home/apelizza/Documentos/robots-v1/src/main/move/getDirection.js","statementMap":{"0":{"start":{"line":3,"column":21},"end":{"line":21,"column":1}},"1":{"start":{"line":4,"column":4},"end":{"line":19,"column":5}},"2":{"start":{"line":6,"column":12},"end":{"line":6,"column":21}},"3":{"start":{"line":7,"column":12},"end":{"line":7,"column":17}},"4":{"start":{"line":9,"column":12},"end":{"line":9,"column":21}},"5":{"start":{"line":10,"column":12},"end":{"line":10,"column":17}},"6":{"start":{"line":12,"column":12},"end":{"line":12,"column":21}},"7":{"start":{"line":13,"column":12},"end":{"line":13,"column":17}},"8":{"start":{"line":15,"column":12},"end":{"line":15,"column":21}},"9":{"start":{"line":16,"column":12},"end":{"line":16,"column":17}},"10":{"start":{"line":18,"column":12},"end":{"line":18,"column":44}},"11":{"start":{"line":20,"column":4},"end":{"line":20,"column":50}}},"fnMap":{"0":{"name":"(anonymous_0)","decl":{"start":{"line":3,"column":21},"end":{"line":3,"column":22}},"loc":{"start":{"line":3,"column":42},"end":{"line":21,"column":1}},"line":3}},"branchMap":{"0":{"loc":{"start":{"line":4,"column":4},"end":{"line":19,"column":5}},"type":"switch","locations":[{"start":{"line":5,"column":8},"end":{"line":7,"column":17}},{"start":{"line":8,"column":8},"end":{"line":10,"column":17}},{"start":{"line":11,"column":8},"end":{"line":13,"column":17}},{"start":{"line":14,"column":8},"end":{"line":16,"column":17}},{"start":{"line":17,"column":8},"end":{"line":18,"column":44}}],"line":4}},"s":{"0":2,"1":4,"2":1,"3":1,"4":1,"5":1,"6":1,"7":1,"8":1,"9":1,"10":0,"11":4},"f":{"0":4},"b":{"0":[1,1,1,1,0]},"_coverageSchema":"1a1c01bbd47fc00a2c39e90264f33305004495a9","hash":"1f0d5cfcd9248c85267e12492ab78717f917930d"}
,"/home/apelizza/Documentos/robots-v1/src/main/move/rotate.js": {"path":"/home/apelizza/Documentos/robots-v1/src/main/move/rotate.js","statementMap":{"0":{"start":{"line":3,"column":15},"end":{"line":12,"column":1}},"1":{"start":{"line":4,"column":23},"end":{"line":4,"column":43}},"2":{"start":{"line":5,"column":35},"end":{"line":5,"column":71}},"3":{"start":{"line":6,"column":31},"end":{"line":6,"column":81}},"4":{"start":{"line":7,"column":4},"end":{"line":9,"column":5}},"5":{"start":{"line":8,"column":8},"end":{"line":8,"column":40}},"6":{"start":{"line":11,"column":4},"end":{"line":11,"column":36}}},"fnMap":{"0":{"name":"(anonymous_0)","decl":{"start":{"line":3,"column":15},"end":{"line":3,"column":16}},"loc":{"start":{"line":3,"column":49},"end":{"line":12,"column":1}},"line":3}},"branchMap":{"0":{"loc":{"start":{"line":7,"column":4},"end":{"line":9,"column":5}},"type":"if","locations":[{"start":{"line":7,"column":4},"end":{"line":9,"column":5}},{"start":{},"end":{}}],"line":7}},"s":{"0":2,"1":4,"2":4,"3":4,"4":4,"5":1,"6":3},"f":{"0":4},"b":{"0":[1,3]},"_coverageSchema":"1a1c01bbd47fc00a2c39e90264f33305004495a9","hash":"a06bcce830c7912cba0f2cd9355b1f6ff7aeced2"}
,"/home/apelizza/Documentos/robots-v1/src/main/structures/Explorer.js": {"path":"/home/apelizza/Documentos/robots-v1/src/main/structures/Explorer.js","statementMap":{"0":{"start":{"line":2,"column":10},"end":{"line":2,"column":12}},"1":{"start":{"line":3,"column":19},"end":{"line":3,"column":20}},"2":{"start":{"line":6,"column":8},"end":{"line":6,"column":23}},"3":{"start":{"line":7,"column":8},"end":{"line":7,"column":43}},"4":{"start":{"line":11,"column":8},"end":{"line":11,"column":43}},"5":{"start":{"line":15,"column":18},"end":{"line":15,"column":35}},"6":{"start":{"line":15,"column":43},"end":{"line":15,"column":51}},"7":{"start":{"line":16,"column":8},"end":{"line":16,"column":59}},"8":{"start":{"line":17,"column":8},"end":{"line":17,"column":30}},"9":{"start":{"line":21,"column":18},"end":{"line":21,"column":35}},"10":{"start":{"line":21,"column":43},"end":{"line":21,"column":51}},"11":{"start":{"line":22,"column":8},"end":{"line":22,"column":59}},"12":{"start":{"line":23,"column":8},"end":{"line":23,"column":30}}},"fnMap":{"0":{"name":"(anonymous_0)","decl":{"start":{"line":5,"column":4},"end":{"line":5,"column":5}},"loc":{"start":{"line":5,"column":33},"end":{"line":8,"column":5}},"line":5},"1":{"name":"(anonymous_1)","decl":{"start":{"line":10,"column":4},"end":{"line":10,"column":5}},"loc":{"start":{"line":10,"column":14},"end":{"line":12,"column":5}},"line":10},"2":{"name":"(anonymous_2)","decl":{"start":{"line":14,"column":4},"end":{"line":14,"column":5}},"loc":{"start":{"line":14,"column":11},"end":{"line":18,"column":5}},"line":14},"3":{"name":"(anonymous_3)","decl":{"start":{"line":20,"column":4},"end":{"line":20,"column":5}},"loc":{"start":{"line":20,"column":11},"end":{"line":24,"column":5}},"line":20}},"branchMap":{"0":{"loc":{"start":{"line":7,"column":28},"end":{"line":7,"column":43}},"type":"binary-expr","locations":[{"start":{"line":7,"column":28},"end":{"line":7,"column":38}},{"start":{"line":7,"column":42},"end":{"line":7,"column":43}}],"line":7},"1":{"loc":{"start":{"line":16,"column":28},"end":{"line":16,"column":58}},"type":"cond-expr","locations":[{"start":{"line":16,"column":49},"end":{"line":16,"column":54}},{"start":{"line":16,"column":57},"end":{"line":16,"column":58}}],"line":16},"2":{"loc":{"start":{"line":22,"column":28},"end":{"line":22,"column":58}},"type":"cond-expr","locations":[{"start":{"line":22,"column":36},"end":{"line":22,"column":41}},{"start":{"line":22,"column":44},"end":{"line":22,"column":58}}],"line":22}},"s":{"0":5,"1":5,"2":5,"3":5,"4":6,"5":4,"6":4,"7":4,"8":4,"9":2,"10":2,"11":2,"12":2},"f":{"0":5,"1":6,"2":4,"3":2},"b":{"0":[5,5],"1":[3,1],"2":[0,2]},"_coverageSchema":"1a1c01bbd47fc00a2c39e90264f33305004495a9","hash":"943efaaf8f824dbb180e9e6bdcdf5e9a2ecbe093"}
}
